<?xml version="1.0" encoding="UTF-8"?>
<!-- Generated by org.testng.reporters.JUnitReportReporter -->
<testsuite skipped="0" hostname="DESKTOP-2TQFBEG" name="com.pss.lims.sm.InternalForwardFlow.Specification" tests="1" failures="0" timestamp="2022-03-24T17:57:37 IST" time="80.931" errors="0">
  <testcase name="createSpecification" time="80.931" classname="com.pss.lims.sm.InternalForwardFlow.Specification"/>
</testsuite> <!-- com.pss.lims.sm.InternalForwardFlow.Specification -->
