<?xml version="1.0" encoding="UTF-8"?>
<!-- Generated by org.testng.reporters.JUnitReportReporter -->
<testsuite skipped="0" hostname="DESKTOP-2TQFBEG" name="com.pss.lims.sm.SampleTypeLifeCycle.SampleType" tests="1" failures="0" timestamp="2022-03-24T14:58:06 IST" time="89.195" errors="0">
  <testcase name="createSampletype" time="89.195" classname="com.pss.lims.sm.SampleTypeLifeCycle.SampleType"/>
</testsuite> <!-- com.pss.lims.sm.SampleTypeLifeCycle.SampleType -->
