<?xml version="1.0" encoding="UTF-8"?>
<!-- Generated by org.testng.reporters.JUnitReportReporter -->
<testsuite skipped="0" hostname="DESKTOP-2TQFBEG" name="com.pss.lims.sm.InternalRejectionFlow.MicroTestReject" tests="1" failures="0" timestamp="2022-03-23T16:02:54 IST" time="39.699" errors="0">
  <testcase name="rejectTest" time="39.699" classname="com.pss.lims.sm.InternalRejectionFlow.MicroTestReject"/>
</testsuite> <!-- com.pss.lims.sm.InternalRejectionFlow.MicroTestReject -->
