<?xml version="1.0" encoding="UTF-8"?>
<!-- Generated by org.testng.reporters.JUnitReportReporter -->
<testsuite skipped="0" hostname="DESKTOP-2TQFBEG" name="com.pss.lims.sm.InternalRejectionFlow.QuantativeJobResults" tests="1" failures="0" timestamp="2022-03-24T18:20:27 IST" time="55.031" errors="0">
  <testcase name="approveJobResults" time="55.031" classname="com.pss.lims.sm.InternalRejectionFlow.QuantativeJobResults"/>
</testsuite> <!-- com.pss.lims.sm.InternalRejectionFlow.QuantativeJobResults -->
