<?xml version="1.0" encoding="UTF-8"?>
<!-- Generated by org.testng.reporters.JUnitReportReporter -->
<testsuite skipped="0" hostname="DESKTOP-2TQFBEG" name="com.pss.lims.sm.RegistrationForwardFlow.Manufacturer" tests="1" failures="0" timestamp="2022-03-24T17:13:50 IST" time="75.665" errors="0">
  <testcase name="createManufacturer" time="75.665" classname="com.pss.lims.sm.RegistrationForwardFlow.Manufacturer"/>
</testsuite> <!-- com.pss.lims.sm.RegistrationForwardFlow.Manufacturer -->
