<?xml version="1.0" encoding="UTF-8"?>
<!-- Generated by org.testng.reporters.JUnitReportReporter -->
<testsuite skipped="0" hostname="DESKTOP-2TQFBEG" name="com.pss.lims.sm.InternalForwardFlow.MicroJobAllotment" tests="1" failures="0" timestamp="2022-03-23T15:17:46 IST" time="95.292" errors="0">
  <testcase name="createMicroJobAllotment" time="95.292" classname="com.pss.lims.sm.InternalForwardFlow.MicroJobAllotment"/>
</testsuite> <!-- com.pss.lims.sm.InternalForwardFlow.MicroJobAllotment -->
