<?xml version="1.0" encoding="UTF-8"?>
<!-- Generated by org.testng.reporters.JUnitReportReporter -->
<testsuite skipped="0" hostname="DESKTOP-2TQFBEG" name="com.pss.lims.sm.RegistrationForwardFlow.GroupType" tests="1" failures="0" timestamp="2022-03-24T15:34:03 IST" time="72.644" errors="0">
  <testcase name="createGroupType" time="72.644" classname="com.pss.lims.sm.RegistrationForwardFlow.GroupType"/>
</testsuite> <!-- com.pss.lims.sm.RegistrationForwardFlow.GroupType -->
