<?xml version="1.0" encoding="UTF-8"?>
<!-- Generated by org.testng.reporters.JUnitReportReporter -->
<testsuite skipped="0" hostname="DESKTOP-2TQFBEG" name="com.pss.lims.sm.ExternalForwardFlow.SampleRegistration" tests="1" failures="0" timestamp="2022-02-26T14:56:17 IST" time="127.176" errors="0">
  <testcase name="createSampleRegistration" time="127.176" classname="com.pss.lims.sm.ExternalForwardFlow.SampleRegistration"/>
</testsuite> <!-- com.pss.lims.sm.ExternalForwardFlow.SampleRegistration -->
