<?xml version="1.0" encoding="UTF-8"?>
<!-- Generated by org.testng.reporters.JUnitReportReporter -->
<testsuite skipped="0" hostname="DESKTOP-2TQFBEG" name="com.pss.lims.StabilityManagement.RejectionFlow.RejectProtocol" tests="1" failures="0" timestamp="2022-09-01T11:45:39 IST" time="43.403" errors="0">
  <testcase name="protocolReject" time="43.403" classname="com.pss.lims.StabilityManagement.RejectionFlow.RejectProtocol"/>
</testsuite> <!-- com.pss.lims.StabilityManagement.RejectionFlow.RejectProtocol -->
