<?xml version="1.0" encoding="UTF-8"?>
<!-- Generated by org.testng.reporters.JUnitReportReporter -->
<testsuite skipped="0" hostname="DESKTOP-2TQFBEG" name="com.pss.lims.sm.RegistrationForwardFlow.Grade" tests="1" failures="0" timestamp="2022-03-24T15:34:03 IST" time="74.770" errors="0">
  <testcase name="createGrade" time="74.770" classname="com.pss.lims.sm.RegistrationForwardFlow.Grade"/>
</testsuite> <!-- com.pss.lims.sm.RegistrationForwardFlow.Grade -->
