<?xml version="1.0" encoding="UTF-8"?>
<!-- Generated by org.testng.reporters.JUnitReportReporter -->
<testsuite skipped="0" hostname="DESKTOP-2TQFBEG" name="com.pss.lims.sm.ExternalRejectionFlow.MyJob" tests="1" failures="0" timestamp="2022-02-26T19:05:27 IST" time="68.338" errors="0">
  <testcase name="approveMyJob" time="68.338" classname="com.pss.lims.sm.ExternalRejectionFlow.MyJob"/>
</testsuite> <!-- com.pss.lims.sm.ExternalRejectionFlow.MyJob -->
