<?xml version="1.0" encoding="UTF-8"?>
<!-- Generated by org.testng.reporters.JUnitReportReporter -->
<testsuite skipped="0" hostname="DESKTOP-2TQFBEG" name="com.pss.lims.sm.ExternalRejectionFlow.RejectSampleQuantity" tests="1" failures="0" timestamp="2022-02-26T19:05:27 IST" time="41.439" errors="0">
  <testcase name="rejectSampleQuantity" time="41.439" classname="com.pss.lims.sm.ExternalRejectionFlow.RejectSampleQuantity"/>
</testsuite> <!-- com.pss.lims.sm.ExternalRejectionFlow.RejectSampleQuantity -->
