<?xml version="1.0" encoding="UTF-8"?>
<!-- Generated by org.testng.reporters.JUnitReportReporter -->
<testsuite skipped="0" hostname="DESKTOP-2TQFBEG" name="com.pss.lims.sm.InternalRejectionFlow.ReTestJobCycle" tests="1" failures="0" timestamp="2022-03-24T10:53:45 IST" time="55.105" errors="0">
  <testcase name="reTestJobCycle" time="55.105" classname="com.pss.lims.sm.InternalRejectionFlow.ReTestJobCycle"/>
</testsuite> <!-- com.pss.lims.sm.InternalRejectionFlow.ReTestJobCycle -->
