<?xml version="1.0" encoding="UTF-8"?>
<!-- Generated by org.testng.reporters.JUnitReportReporter -->
<testsuite skipped="0" hostname="DESKTOP-2TQFBEG" name="com.pss.lims.sm.ExternalForwardFlow.SampleQuantityApprove" tests="1" failures="0" timestamp="2022-02-26T15:25:23 IST" time="44.923" errors="0">
  <testcase name="approveSampleQuantity" time="44.923" classname="com.pss.lims.sm.ExternalForwardFlow.SampleQuantityApprove"/>
</testsuite> <!-- com.pss.lims.sm.ExternalForwardFlow.SampleQuantityApprove -->
