<?xml version="1.0" encoding="UTF-8"?>
<!-- Generated by org.testng.reporters.JUnitReportReporter -->
<testsuite skipped="0" hostname="DESKTOP-2TQFBEG" name="com.pss.lims.sm.RegistrationForwardFlow.StorageLocation" tests="1" failures="0" timestamp="2022-03-24T15:12:37 IST" time="75.453" errors="0">
  <testcase name="createStorageLocation" time="75.453" classname="com.pss.lims.sm.RegistrationForwardFlow.StorageLocation"/>
</testsuite> <!-- com.pss.lims.sm.RegistrationForwardFlow.StorageLocation -->
