<?xml version="1.0" encoding="UTF-8"?>
<!-- Generated by org.testng.reporters.JUnitReportReporter -->
<testsuite skipped="0" hostname="DESKTOP-2TQFBEG" name="com.pss.lims.sm.InternalRejectionFlow.FailJobQAReviewWithReCheck" tests="1" failures="0" timestamp="2022-03-25T15:20:19 IST" time="50.313" errors="0">
  <testcase name="failJobQAReviewWithReCheck" time="50.313" classname="com.pss.lims.sm.InternalRejectionFlow.FailJobQAReviewWithReCheck"/>
</testsuite> <!-- com.pss.lims.sm.InternalRejectionFlow.FailJobQAReviewWithReCheck -->
