<?xml version="1.0" encoding="UTF-8"?>
<!-- Generated by org.testng.reporters.JUnitReportReporter -->
<testsuite skipped="0" hostname="DESKTOP-2TQFBEG" name="com.pss.lims.sm.InternalRejectionFlow.FailJobHODReviewWithReCheck" tests="1" failures="0" timestamp="2022-03-23T19:23:03 IST" time="44.499" errors="0">
  <testcase name="failJobHODReviewWithReCheck" time="44.499" classname="com.pss.lims.sm.InternalRejectionFlow.FailJobHODReviewWithReCheck"/>
</testsuite> <!-- com.pss.lims.sm.InternalRejectionFlow.FailJobHODReviewWithReCheck -->
