<?xml version="1.0" encoding="UTF-8"?>
<!-- Generated by org.testng.reporters.JUnitReportReporter -->
<testsuite skipped="0" hostname="DESKTOP-2TQFBEG" name="com.pss.lims.sm.InternalRejectionFlow.SIRecheckApproval" tests="1" failures="0" timestamp="2022-03-02T14:13:20 IST" time="49.651" errors="0">
  <testcase name="SIRecheck" time="49.651" classname="com.pss.lims.sm.InternalRejectionFlow.SIRecheckApproval"/>
</testsuite> <!-- com.pss.lims.sm.InternalRejectionFlow.SIRecheckApproval -->
