<?xml version="1.0" encoding="UTF-8"?>
<!-- Generated by org.testng.reporters.JUnitReportReporter -->
<testsuite skipped="0" hostname="DESKTOP-2TQFBEG" name="com.pss.lims.sm.InternalRejectionFlow.QualitativeExternalJobs" tests="3" failures="0" timestamp="2022-02-28T13:09:37 IST" time="213.017" errors="0">
  <testcase name="externalJobs" time="67.891" classname="com.pss.lims.sm.InternalRejectionFlow.QualitativeExternalJobs"/>
  <testcase name="externalJobs" time="76.146" classname="com.pss.lims.sm.InternalRejectionFlow.QualitativeExternalJobs"/>
  <testcase name="externalJobs" time="68.980" classname="com.pss.lims.sm.InternalRejectionFlow.QualitativeExternalJobs"/>
</testsuite> <!-- com.pss.lims.sm.InternalRejectionFlow.QualitativeExternalJobs -->
