<?xml version="1.0" encoding="UTF-8"?>
<!-- Generated by org.testng.reporters.JUnitReportReporter -->
<testsuite skipped="0" hostname="DESKTOP-2TQFBEG" name="com.pss.lims.sm.ExternalForwardFlow.ExternalJobAllotment" tests="1" failures="0" timestamp="2022-02-26T15:25:23 IST" time="71.710" errors="0">
  <testcase name="createJobAllotment" time="71.710" classname="com.pss.lims.sm.ExternalForwardFlow.ExternalJobAllotment"/>
</testsuite> <!-- com.pss.lims.sm.ExternalForwardFlow.ExternalJobAllotment -->
