<?xml version="1.0" encoding="UTF-8"?>
<!-- Generated by org.testng.reporters.JUnitReportReporter -->
<testsuite skipped="0" hostname="DESKTOP-2TQFBEG" name="com.pss.lims.sm.ExternalForwardFlow.SampleRegistrationApprove" tests="1" failures="0" timestamp="2022-02-26T14:56:17 IST" time="41.083" errors="0">
  <testcase name="approveSampleRegistration" time="41.083" classname="com.pss.lims.sm.ExternalForwardFlow.SampleRegistrationApprove"/>
</testsuite> <!-- com.pss.lims.sm.ExternalForwardFlow.SampleRegistrationApprove -->
