<?xml version="1.0" encoding="UTF-8"?>
<!-- Generated by org.testng.reporters.JUnitReportReporter -->
<testsuite skipped="0" hostname="DESKTOP-2TQFBEG" name="com.pss.lims.sm.InternalRejectionFlow.QualitativeJobResults" tests="1" failures="0" timestamp="2022-03-24T10:53:45 IST" time="57.574" errors="0">
  <testcase name="approveJobResults" time="57.574" classname="com.pss.lims.sm.InternalRejectionFlow.QualitativeJobResults"/>
</testsuite> <!-- com.pss.lims.sm.InternalRejectionFlow.QualitativeJobResults -->
