<?xml version="1.0" encoding="UTF-8"?>
<!-- Generated by org.testng.reporters.JUnitReportReporter -->
<testsuite skipped="0" hostname="DESKTOP-2TQFBEG" name="com.pss.lims.sm.LifeCycleForwardFlow.CreateLifeCycle" tests="1" failures="0" timestamp="2022-03-22T15:43:26 IST" time="131.748" errors="0">
  <testcase name="createLifeCycle" time="131.748" classname="com.pss.lims.sm.LifeCycleForwardFlow.CreateLifeCycle"/>
</testsuite> <!-- com.pss.lims.sm.LifeCycleForwardFlow.CreateLifeCycle -->
