<?xml version="1.0" encoding="UTF-8"?>
<!-- Generated by org.testng.reporters.JUnitReportReporter -->
<testsuite skipped="0" hostname="DESKTOP-2TQFBEG" name="com.pss.lims.sm.InternalRejectionFlow.SampleRegistrationApprove" tests="1" failures="0" timestamp="2022-03-25T14:28:54 IST" time="39.402" errors="0">
  <testcase name="approveSampleRegistration" time="39.402" classname="com.pss.lims.sm.InternalRejectionFlow.SampleRegistrationApprove"/>
</testsuite> <!-- com.pss.lims.sm.InternalRejectionFlow.SampleRegistrationApprove -->
