<?xml version="1.0" encoding="UTF-8"?>
<!-- Generated by org.testng.reporters.JUnitReportReporter -->
<testsuite skipped="0" hostname="DESKTOP-2TQFBEG" name="com.pss.lims.sm.RegistrationForwardFlow.OosCheckListApproval" tests="1" failures="0" timestamp="2022-03-24T17:13:50 IST" time="46.335" errors="0">
  <testcase name="checkListApproval" time="46.335" classname="com.pss.lims.sm.RegistrationForwardFlow.OosCheckListApproval"/>
</testsuite> <!-- com.pss.lims.sm.RegistrationForwardFlow.OosCheckListApproval -->
