<?xml version="1.0" encoding="UTF-8"?>
<!-- Generated by org.testng.reporters.JUnitReportReporter -->
<testsuite skipped="0" hostname="DESKTOP-2TQFBEG" name="com.pss.lims.sm.InternalForwardFlow.MicroTestApproval" tests="1" failures="0" timestamp="2022-03-23T14:37:22 IST" time="41.523" errors="0">
  <testcase name="approveMicroTest" time="41.523" classname="com.pss.lims.sm.InternalForwardFlow.MicroTestApproval"/>
</testsuite> <!-- com.pss.lims.sm.InternalForwardFlow.MicroTestApproval -->
