<?xml version="1.0" encoding="UTF-8"?>
<!-- Generated by org.testng.reporters.JUnitReportReporter -->
<testsuite skipped="0" hostname="DESKTOP-2TQFBEG" name="com.pss.lims.sm.RegistrationForwardFlow.StroageCondition" tests="1" failures="0" timestamp="2022-03-24T15:12:37 IST" time="77.724" errors="0">
  <testcase name="createStorageCondition" time="77.724" classname="com.pss.lims.sm.RegistrationForwardFlow.StroageCondition"/>
</testsuite> <!-- com.pss.lims.sm.RegistrationForwardFlow.StroageCondition -->
