<?xml version="1.0" encoding="UTF-8"?>
<!-- Generated by org.testng.reporters.JUnitReportReporter -->
<testsuite skipped="0" hostname="DESKTOP-2TQFBEG" name="com.pss.lims.sm.ExternalForwardFlow.MyJob" tests="1" failures="0" timestamp="2022-02-26T15:25:23 IST" time="75.062" errors="0">
  <testcase name="approveMyJob" time="75.062" classname="com.pss.lims.sm.ExternalForwardFlow.MyJob"/>
</testsuite> <!-- com.pss.lims.sm.ExternalForwardFlow.MyJob -->
