<?xml version="1.0" encoding="UTF-8"?>
<!-- Generated by org.testng.reporters.JUnitReportReporter -->
<testsuite skipped="0" hostname="DESKTOP-2TQFBEG" name="com.pss.lims.sm.InternalForwardFlow.SIApproval" tests="1" failures="0" timestamp="2022-03-24T17:57:37 IST" time="48.262" errors="0">
  <testcase name="approveSI" time="48.262" classname="com.pss.lims.sm.InternalForwardFlow.SIApproval"/>
</testsuite> <!-- com.pss.lims.sm.InternalForwardFlow.SIApproval -->
