<?xml version="1.0" encoding="UTF-8"?>
<!-- Generated by org.testng.reporters.JUnitReportReporter -->
<testsuite skipped="0" hostname="DESKTOP-2TQFBEG" name="com.pss.lims.StabilityManagement.ForwardFlow.ApproveMasterChamber" tests="1" failures="0" timestamp="2022-07-11T18:22:10 IST" time="41.790" errors="0">
  <testcase name="approveMasterChamber" time="41.790" classname="com.pss.lims.StabilityManagement.ForwardFlow.ApproveMasterChamber"/>
</testsuite> <!-- com.pss.lims.StabilityManagement.ForwardFlow.ApproveMasterChamber -->
