<?xml version="1.0" encoding="UTF-8"?>
<!-- Generated by org.testng.reporters.JUnitReportReporter -->
<testsuite skipped="0" hostname="DESKTOP-2TQFBEG" name="com.pss.lims.sm.ExternalRejectionFlow.ExternalJobAllotment" tests="1" failures="0" timestamp="2022-02-28T10:31:59 IST" time="63.065" errors="0">
  <testcase name="createJobAllotment" time="63.065" classname="com.pss.lims.sm.ExternalRejectionFlow.ExternalJobAllotment"/>
</testsuite> <!-- com.pss.lims.sm.ExternalRejectionFlow.ExternalJobAllotment -->
