<?xml version="1.0" encoding="UTF-8"?>
<!-- Generated by org.testng.reporters.JUnitReportReporter -->
<testsuite skipped="0" hostname="DESKTOP-2TQFBEG" name="com.pss.lims.sm.InternalRejectionFlow.COAApproveWithReCheck" tests="1" failures="0" timestamp="2022-03-23T18:51:29 IST" time="48.516" errors="0">
  <testcase name="cOAApproveWithReCheck" time="48.516" classname="com.pss.lims.sm.InternalRejectionFlow.COAApproveWithReCheck"/>
</testsuite> <!-- com.pss.lims.sm.InternalRejectionFlow.COAApproveWithReCheck -->
