<?xml version="1.0" encoding="UTF-8"?>
<!-- Generated by org.testng.reporters.JUnitReportReporter -->
<testsuite skipped="0" hostname="DESKTOP-2TQFBEG" name="com.pss.lims.sm.InternalRejectionFlow.FailJobReviewAfterReCheck" tests="1" failures="0" timestamp="2022-03-25T15:20:19 IST" time="58.436" errors="0">
  <testcase name="failJobReviewAfterReCheck" time="58.436" classname="com.pss.lims.sm.InternalRejectionFlow.FailJobReviewAfterReCheck"/>
</testsuite> <!-- com.pss.lims.sm.InternalRejectionFlow.FailJobReviewAfterReCheck -->
