<?xml version="1.0" encoding="UTF-8"?>
<!-- Generated by org.testng.reporters.JUnitReportReporter -->
<testsuite skipped="0" hostname="DESKTOP-2TQFBEG" name="com.pss.lims.sm.ProductToTestPlanRej.ReInitiateRejectedSpecification" tests="1" failures="0" timestamp="2022-02-28T14:46:25 IST" time="54.473" errors="0">
  <testcase name="modifyRejectedProduct" time="54.473" classname="com.pss.lims.sm.ProductToTestPlanRej.ReInitiateRejectedSpecification"/>
</testsuite> <!-- com.pss.lims.sm.ProductToTestPlanRej.ReInitiateRejectedSpecification -->
