<?xml version="1.0" encoding="UTF-8"?>
<!-- Generated by org.testng.reporters.JUnitReportReporter -->
<testsuite skipped="0" hostname="DESKTOP-2TQFBEG" name="com.pss.lims.sm.RegistrationForwardFlow.StorageLocationApproval" tests="1" failures="0" timestamp="2022-03-24T15:12:37 IST" time="43.084" errors="0">
  <testcase name="approveStorageLocation" time="43.084" classname="com.pss.lims.sm.RegistrationForwardFlow.StorageLocationApproval"/>
</testsuite> <!-- com.pss.lims.sm.RegistrationForwardFlow.StorageLocationApproval -->
