<?xml version="1.0" encoding="UTF-8"?>
<!-- Generated by org.testng.reporters.JUnitReportReporter -->
<testsuite skipped="0" hostname="DESKTOP-2TQFBEG" name="com.pss.lims.sm.ExternalRejectionFlow.ExternalJobs" tests="1" failures="0" timestamp="2022-02-26T19:05:27 IST" time="61.227" errors="0">
  <testcase name="externalJobs" time="61.227" classname="com.pss.lims.sm.ExternalRejectionFlow.ExternalJobs"/>
</testsuite> <!-- com.pss.lims.sm.ExternalRejectionFlow.ExternalJobs -->
