<?xml version="1.0" encoding="UTF-8"?>
<!-- Generated by org.testng.reporters.JUnitReportReporter -->
<testsuite skipped="0" hostname="DESKTOP-2TQFBEG" name="com.pss.lims.sm.InternalRejectionFlow.SIApproval" tests="1" failures="0" timestamp="2022-03-24T18:20:27 IST" time="47.646" errors="0">
  <testcase name="approveSI" time="47.646" classname="com.pss.lims.sm.InternalRejectionFlow.SIApproval"/>
</testsuite> <!-- com.pss.lims.sm.InternalRejectionFlow.SIApproval -->
