<?xml version="1.0" encoding="UTF-8"?>
<!-- Generated by org.testng.reporters.JUnitReportReporter -->
<testsuite skipped="0" hostname="DESKTOP-2TQFBEG" name="com.pss.lims.StabilityManagement.RejectionFlow.CreateProtocol" tests="1" failures="0" timestamp="2022-09-01T11:45:39 IST" time="277.645" errors="0">
  <testcase name="createProtocol" time="277.645" classname="com.pss.lims.StabilityManagement.RejectionFlow.CreateProtocol"/>
</testsuite> <!-- com.pss.lims.StabilityManagement.RejectionFlow.CreateProtocol -->
