<?xml version="1.0" encoding="UTF-8"?>
<!-- Generated by org.testng.reporters.JUnitReportReporter -->
<testsuite skipped="0" hostname="DESKTOP-2TQFBEG" name="com.pss.lims.sm.InternalRejectionFlow.FailJobReview" tests="1" failures="0" timestamp="2022-03-25T15:20:19 IST" time="78.788" errors="0">
  <testcase name="failJobReview" time="78.788" classname="com.pss.lims.sm.InternalRejectionFlow.FailJobReview"/>
</testsuite> <!-- com.pss.lims.sm.InternalRejectionFlow.FailJobReview -->
