<?xml version="1.0" encoding="UTF-8"?>
<!-- Generated by org.testng.reporters.JUnitReportReporter -->
<testsuite skipped="0" hostname="DESKTOP-2TQFBEG" name="com.pss.lims.sm.ProductToTestPlanFwd.ProductApproval" tests="1" failures="0" timestamp="2022-02-26T19:40:12 IST" time="44.393" errors="0">
  <testcase name="approveProduct" time="44.393" classname="com.pss.lims.sm.ProductToTestPlanFwd.ProductApproval"/>
</testsuite> <!-- com.pss.lims.sm.ProductToTestPlanFwd.ProductApproval -->
