<?xml version="1.0" encoding="UTF-8"?>
<!-- Generated by org.testng.reporters.JUnitReportReporter -->
<testsuite skipped="0" hostname="DESKTOP-2TQFBEG" name="com.pss.lims.sm.InternalRejectionFlow.FailJobSIReview" tests="2" failures="0" timestamp="2022-03-25T15:20:19 IST" time="105.302" errors="0">
  <testcase name="failJobSIReview" time="51.904" classname="com.pss.lims.sm.InternalRejectionFlow.FailJobSIReview"/>
  <testcase name="failJobSIReview" time="53.398" classname="com.pss.lims.sm.InternalRejectionFlow.FailJobSIReview"/>
</testsuite> <!-- com.pss.lims.sm.InternalRejectionFlow.FailJobSIReview -->
