<?xml version="1.0" encoding="UTF-8"?>
<!-- Generated by org.testng.reporters.JUnitReportReporter -->
<testsuite skipped="0" hostname="DESKTOP-2TQFBEG" name="com.pss.lims.sm.ProductToTestPlanRej.ProductApproval" tests="1" failures="0" timestamp="2022-02-28T14:46:25 IST" time="44.328" errors="0">
  <testcase name="approveProduct" time="44.328" classname="com.pss.lims.sm.ProductToTestPlanRej.ProductApproval"/>
</testsuite> <!-- com.pss.lims.sm.ProductToTestPlanRej.ProductApproval -->
