<?xml version="1.0" encoding="UTF-8"?>
<!-- Generated by org.testng.reporters.JUnitReportReporter -->
<testsuite skipped="0" hostname="DESKTOP-2TQFBEG" name="com.pss.lims.sm.InternalRejectionFlow.FailJobReviewWithReCheck" tests="1" failures="0" timestamp="2022-03-23T17:37:49 IST" time="68.903" errors="0">
  <testcase name="failJobReview" time="68.903" classname="com.pss.lims.sm.InternalRejectionFlow.FailJobReviewWithReCheck"/>
</testsuite> <!-- com.pss.lims.sm.InternalRejectionFlow.FailJobReviewWithReCheck -->
