<?xml version="1.0" encoding="UTF-8"?>
<!-- Generated by org.testng.reporters.JUnitReportReporter -->
<testsuite skipped="0" hostname="DESKTOP-2TQFBEG" name="com.pss.lims.sm.InternalRejectionFlow.SampleQuantity" tests="1" failures="0" timestamp="2022-03-25T14:28:54 IST" time="52.630" errors="0">
  <testcase name="createSampleQuantity" time="52.630" classname="com.pss.lims.sm.InternalRejectionFlow.SampleQuantity"/>
</testsuite> <!-- com.pss.lims.sm.InternalRejectionFlow.SampleQuantity -->
