<?xml version="1.0" encoding="UTF-8"?>
<!-- Generated by org.testng.reporters.JUnitReportReporter -->
<testsuite skipped="0" hostname="DESKTOP-2TQFBEG" name="com.pss.lims.sm.ProductToTestPlanFwd.Product" tests="1" failures="0" timestamp="2022-02-26T19:40:12 IST" time="81.002" errors="0">
  <testcase name="createProduct" time="81.002" classname="com.pss.lims.sm.ProductToTestPlanFwd.Product"/>
</testsuite> <!-- com.pss.lims.sm.ProductToTestPlanFwd.Product -->
