<?xml version="1.0" encoding="UTF-8"?>
<!-- Generated by org.testng.reporters.JUnitReportReporter -->
<testsuite skipped="0" hostname="DESKTOP-2TQFBEG" name="com.pss.lims.sm.InternalForwardFlow.QualitativeExternalJobs" tests="1" failures="0" timestamp="2022-02-26T19:40:12 IST" time="68.206" errors="0">
  <testcase name="externalJobs" time="68.206" classname="com.pss.lims.sm.InternalForwardFlow.QualitativeExternalJobs"/>
</testsuite> <!-- com.pss.lims.sm.InternalForwardFlow.QualitativeExternalJobs -->
