<?xml version="1.0" encoding="UTF-8"?>
<!-- Generated by org.testng.reporters.JUnitReportReporter -->
<testsuite skipped="0" hostname="DESKTOP-2TQFBEG" name="com.pss.lims.sm.InternalForwardFlow.JobAllotment" tests="1" failures="0" timestamp="2022-03-24T17:57:37 IST" time="99.082" errors="0">
  <testcase name="createJobAllotment" time="99.082" classname="com.pss.lims.sm.InternalForwardFlow.JobAllotment"/>
</testsuite> <!-- com.pss.lims.sm.InternalForwardFlow.JobAllotment -->
