<?xml version="1.0" encoding="UTF-8"?>
<!-- Generated by org.testng.reporters.JUnitReportReporter -->
<testsuite skipped="0" hostname="DESKTOP-2TQFBEG" name="com.pss.lims.sm.InternalRejectionFlow.Product" tests="1" failures="0" timestamp="2022-03-24T18:36:04 IST" time="77.739" errors="0">
  <testcase name="createProduct" time="77.739" classname="com.pss.lims.sm.InternalRejectionFlow.Product"/>
</testsuite> <!-- com.pss.lims.sm.InternalRejectionFlow.Product -->
