<?xml version="1.0" encoding="UTF-8"?>
<!-- Generated by org.testng.reporters.JUnitReportReporter -->
<testsuite skipped="0" hostname="DESKTOP-2TQFBEG" name="com.pss.lims.sm.ProductToTestPlanRej.ReInitiateRejectedProduct" tests="1" failures="0" timestamp="2022-02-28T14:46:25 IST" time="63.992" errors="0">
  <testcase name="reinitiateRejectedProduct" time="63.992" classname="com.pss.lims.sm.ProductToTestPlanRej.ReInitiateRejectedProduct"/>
</testsuite> <!-- com.pss.lims.sm.ProductToTestPlanRej.ReInitiateRejectedProduct -->
