<?xml version="1.0" encoding="UTF-8"?>
<!-- Generated by org.testng.reporters.JUnitReportReporter -->
<testsuite skipped="0" hostname="DESKTOP-2TQFBEG" name="com.pss.lims.sm.ProductToTestPlanRej.SpecificationApproval" tests="1" failures="0" timestamp="2022-02-28T14:46:25 IST" time="40.629" errors="0">
  <testcase name="approveSpecification" time="40.629" classname="com.pss.lims.sm.ProductToTestPlanRej.SpecificationApproval"/>
</testsuite> <!-- com.pss.lims.sm.ProductToTestPlanRej.SpecificationApproval -->
