<?xml version="1.0" encoding="UTF-8"?>
<!-- Generated by org.testng.reporters.JUnitReportReporter -->
<testsuite skipped="0" hostname="DESKTOP-2TQFBEG" name="com.pss.lims.sm.InternalRejectionFlow.QuantativeJobResultsCompliance" tests="3" failures="0" timestamp="2022-03-02T14:13:20 IST" time="168.017" errors="0">
  <testcase name="approveJobResults" time="58.114" classname="com.pss.lims.sm.InternalRejectionFlow.QuantativeJobResultsCompliance"/>
  <testcase name="approveJobResults" time="54.236" classname="com.pss.lims.sm.InternalRejectionFlow.QuantativeJobResultsCompliance"/>
  <testcase name="approveJobResults" time="55.667" classname="com.pss.lims.sm.InternalRejectionFlow.QuantativeJobResultsCompliance"/>
</testsuite> <!-- com.pss.lims.sm.InternalRejectionFlow.QuantativeJobResultsCompliance -->
