<?xml version="1.0" encoding="UTF-8"?>
<!-- Generated by org.testng.reporters.JUnitReportReporter -->
<testsuite skipped="0" hostname="DESKTOP-2TQFBEG" name="com.pss.lims.sm.RegistrationForwardFlow.Supplier" tests="1" failures="0" timestamp="2022-03-24T17:13:50 IST" time="77.097" errors="0">
  <testcase name="createSupplier" time="77.097" classname="com.pss.lims.sm.RegistrationForwardFlow.Supplier"/>
</testsuite> <!-- com.pss.lims.sm.RegistrationForwardFlow.Supplier -->
