<?xml version="1.0" encoding="UTF-8"?>
<!-- Generated by org.testng.reporters.JUnitReportReporter -->
<testsuite skipped="0" hostname="DESKTOP-2TQFBEG" name="com.pss.lims.sm.InternalForwardFlow.ProductApproval" tests="1" failures="0" timestamp="2022-03-24T17:30:14 IST" time="43.817" errors="0">
  <testcase name="approveProduct" time="43.817" classname="com.pss.lims.sm.InternalForwardFlow.ProductApproval"/>
</testsuite> <!-- com.pss.lims.sm.InternalForwardFlow.ProductApproval -->
