<?xml version="1.0" encoding="UTF-8"?>
<!-- Generated by org.testng.reporters.JUnitReportReporter -->
<testsuite skipped="0" hostname="DESKTOP-2TQFBEG" name="com.pss.lims.AssignRoles.MultiUsersAssignRoleStabilityTest" tests="14" failures="0" timestamp="2022-03-22T14:41:37 IST" time="1179.854" errors="0">
  <testcase name="toMultiUserCreation" time="86.709" classname="com.pss.lims.AssignRoles.MultiUsersAssignRoleStabilityTest"/>
  <testcase name="toMultiUserCreation" time="84.512" classname="com.pss.lims.AssignRoles.MultiUsersAssignRoleStabilityTest"/>
  <testcase name="toMultiUserCreation" time="84.192" classname="com.pss.lims.AssignRoles.MultiUsersAssignRoleStabilityTest"/>
  <testcase name="toMultiUserCreation" time="83.883" classname="com.pss.lims.AssignRoles.MultiUsersAssignRoleStabilityTest"/>
  <testcase name="toMultiUserCreation" time="83.784" classname="com.pss.lims.AssignRoles.MultiUsersAssignRoleStabilityTest"/>
  <testcase name="toMultiUserCreation" time="84.110" classname="com.pss.lims.AssignRoles.MultiUsersAssignRoleStabilityTest"/>
  <testcase name="toMultiUserCreation" time="84.125" classname="com.pss.lims.AssignRoles.MultiUsersAssignRoleStabilityTest"/>
  <testcase name="toMultiUserCreation" time="83.654" classname="com.pss.lims.AssignRoles.MultiUsersAssignRoleStabilityTest"/>
  <testcase name="toMultiUserCreation" time="84.368" classname="com.pss.lims.AssignRoles.MultiUsersAssignRoleStabilityTest"/>
  <testcase name="toMultiUserCreation" time="83.960" classname="com.pss.lims.AssignRoles.MultiUsersAssignRoleStabilityTest"/>
  <testcase name="toMultiUserCreation" time="84.368" classname="com.pss.lims.AssignRoles.MultiUsersAssignRoleStabilityTest"/>
  <testcase name="toMultiUserCreation" time="84.008" classname="com.pss.lims.AssignRoles.MultiUsersAssignRoleStabilityTest"/>
  <testcase name="toMultiUserCreation" time="84.239" classname="com.pss.lims.AssignRoles.MultiUsersAssignRoleStabilityTest"/>
  <testcase name="toMultiUserCreation" time="83.942" classname="com.pss.lims.AssignRoles.MultiUsersAssignRoleStabilityTest"/>
</testsuite> <!-- com.pss.lims.AssignRoles.MultiUsersAssignRoleStabilityTest -->
