<?xml version="1.0" encoding="UTF-8"?>
<!-- Generated by org.testng.reporters.JUnitReportReporter -->
<testsuite skipped="0" hostname="DESKTOP-2TQFBEG" name="com.pss.lims.AssignRoles.MultiUsersAssignRoleSMTest" tests="14" failures="0" timestamp="2022-03-22T14:17:07 IST" time="1262.847" errors="0">
  <testcase name="toMultiUserCreation" time="89.112" classname="com.pss.lims.AssignRoles.MultiUsersAssignRoleSMTest"/>
  <testcase name="toMultiUserCreation" time="90.365" classname="com.pss.lims.AssignRoles.MultiUsersAssignRoleSMTest"/>
  <testcase name="toMultiUserCreation" time="89.525" classname="com.pss.lims.AssignRoles.MultiUsersAssignRoleSMTest"/>
  <testcase name="toMultiUserCreation" time="89.877" classname="com.pss.lims.AssignRoles.MultiUsersAssignRoleSMTest"/>
  <testcase name="toMultiUserCreation" time="89.501" classname="com.pss.lims.AssignRoles.MultiUsersAssignRoleSMTest"/>
  <testcase name="toMultiUserCreation" time="89.152" classname="com.pss.lims.AssignRoles.MultiUsersAssignRoleSMTest"/>
  <testcase name="toMultiUserCreation" time="99.867" classname="com.pss.lims.AssignRoles.MultiUsersAssignRoleSMTest"/>
  <testcase name="toMultiUserCreation" time="89.318" classname="com.pss.lims.AssignRoles.MultiUsersAssignRoleSMTest"/>
  <testcase name="toMultiUserCreation" time="88.951" classname="com.pss.lims.AssignRoles.MultiUsersAssignRoleSMTest"/>
  <testcase name="toMultiUserCreation" time="88.957" classname="com.pss.lims.AssignRoles.MultiUsersAssignRoleSMTest"/>
  <testcase name="toMultiUserCreation" time="90.201" classname="com.pss.lims.AssignRoles.MultiUsersAssignRoleSMTest"/>
  <testcase name="toMultiUserCreation" time="89.103" classname="com.pss.lims.AssignRoles.MultiUsersAssignRoleSMTest"/>
  <testcase name="toMultiUserCreation" time="89.748" classname="com.pss.lims.AssignRoles.MultiUsersAssignRoleSMTest"/>
  <testcase name="toMultiUserCreation" time="89.170" classname="com.pss.lims.AssignRoles.MultiUsersAssignRoleSMTest"/>
</testsuite> <!-- com.pss.lims.AssignRoles.MultiUsersAssignRoleSMTest -->
