<?xml version="1.0" encoding="UTF-8"?>
<!-- Generated by org.testng.reporters.JUnitReportReporter -->
<testsuite skipped="0" hostname="DESKTOP-2TQFBEG" name="com.pss.lims.sm.SampleTypeLifeCycle.SampletypeApproval" tests="1" failures="0" timestamp="2022-03-24T14:58:06 IST" time="43.926" errors="0">
  <testcase name="approveSampletype" time="43.926" classname="com.pss.lims.sm.SampleTypeLifeCycle.SampletypeApproval"/>
</testsuite> <!-- com.pss.lims.sm.SampleTypeLifeCycle.SampletypeApproval -->
