<?xml version="1.0" encoding="UTF-8"?>
<!-- Generated by org.testng.reporters.JUnitReportReporter -->
<testsuite skipped="0" hostname="DESKTOP-2TQFBEG" name="com.pss.lims.sm.ProductToTestPlanFwd.TestPlanner" tests="1" failures="0" timestamp="2022-02-26T19:40:12 IST" time="135.434" errors="0">
  <testcase name="createTestPlanner" time="135.434" classname="com.pss.lims.sm.ProductToTestPlanFwd.TestPlanner"/>
</testsuite> <!-- com.pss.lims.sm.ProductToTestPlanFwd.TestPlanner -->
