<?xml version="1.0" encoding="UTF-8"?>
<!-- Generated by org.testng.reporters.JUnitReportReporter -->
<testsuite skipped="0" hostname="DESKTOP-2TQFBEG" name="com.pss.lims.sm.ExternalForwardFlow.SIApproval" tests="1" failures="0" timestamp="2022-02-26T15:25:23 IST" time="60.566" errors="0">
  <testcase name="approveSI" time="60.566" classname="com.pss.lims.sm.ExternalForwardFlow.SIApproval"/>
</testsuite> <!-- com.pss.lims.sm.ExternalForwardFlow.SIApproval -->
