<?xml version="1.0" encoding="UTF-8"?>
<!-- Generated by org.testng.reporters.JUnitReportReporter -->
<testsuite skipped="0" hostname="DESKTOP-2TQFBEG" name="com.pss.lims.StabilityManagement.ForwardFlow.CreateSampleAcknowledgement" tests="1" failures="0" timestamp="2022-09-01T15:55:21 IST" time="76.841" errors="0">
  <testcase name="createAcknowledgemnt" time="76.841" classname="com.pss.lims.StabilityManagement.ForwardFlow.CreateSampleAcknowledgement"/>
</testsuite> <!-- com.pss.lims.StabilityManagement.ForwardFlow.CreateSampleAcknowledgement -->
