<?xml version="1.0" encoding="UTF-8"?>
<!-- Generated by org.testng.reporters.JUnitReportReporter -->
<testsuite skipped="0" hostname="DESKTOP-2TQFBEG" name="com.pss.lims.sm.ExternalRejectionFlow.SampleRegistration" tests="1" failures="0" timestamp="2022-02-26T19:05:27 IST" time="128.328" errors="0">
  <testcase name="createSampleRegistration" time="128.328" classname="com.pss.lims.sm.ExternalRejectionFlow.SampleRegistration"/>
</testsuite> <!-- com.pss.lims.sm.ExternalRejectionFlow.SampleRegistration -->
