<?xml version="1.0" encoding="UTF-8"?>
<!-- Generated by org.testng.reporters.JUnitReportReporter -->
<testsuite skipped="0" hostname="DESKTOP-2TQFBEG" name="com.pss.lims.sm.InternalRejectionFlow.MicroQualitativeTestReg" tests="1" failures="0" timestamp="2022-03-23T16:02:54 IST" time="126.941" errors="0">
  <testcase name="createMicroQualitativeTestReg" time="126.941" classname="com.pss.lims.sm.InternalRejectionFlow.MicroQualitativeTestReg"/>
</testsuite> <!-- com.pss.lims.sm.InternalRejectionFlow.MicroQualitativeTestReg -->
