<?xml version="1.0" encoding="UTF-8"?>
<!-- Generated by org.testng.reporters.JUnitReportReporter -->
<testsuite skipped="0" hostname="DESKTOP-2TQFBEG" name="com.pss.lims.PropertiesFileUpdate.UpdateURLinPropertiesFile" tests="1" failures="0" timestamp="2022-03-22T10:35:54 IST" time="0.772" errors="0">
  <testcase name="main" time="0.772" classname="com.pss.lims.PropertiesFileUpdate.UpdateURLinPropertiesFile"/>
</testsuite> <!-- com.pss.lims.PropertiesFileUpdate.UpdateURLinPropertiesFile -->
