<?xml version="1.0" encoding="UTF-8"?>
<!-- Generated by org.testng.reporters.JUnitReportReporter -->
<testsuite skipped="0" hostname="DESKTOP-2TQFBEG" name="com.pss.lims.sm.RegistrationForwardFlow.TestCode" tests="1" failures="0" timestamp="2022-03-24T15:25:13 IST" time="112.403" errors="0">
  <testcase name="createTestCode" time="112.403" classname="com.pss.lims.sm.RegistrationForwardFlow.TestCode"/>
</testsuite> <!-- com.pss.lims.sm.RegistrationForwardFlow.TestCode -->
