<?xml version="1.0" encoding="UTF-8"?>
<!-- Generated by org.testng.reporters.JUnitReportReporter -->
<testsuite skipped="0" hostname="DESKTOP-2TQFBEG" name="com.pss.lims.sm.InternalRejectionFlow.JobAllotment" tests="1" failures="0" timestamp="2022-03-25T14:28:53 IST" time="71.654" errors="0">
  <testcase name="createJobAllotment" time="71.654" classname="com.pss.lims.sm.InternalRejectionFlow.JobAllotment"/>
</testsuite> <!-- com.pss.lims.sm.InternalRejectionFlow.JobAllotment -->
