<?xml version="1.0" encoding="UTF-8"?>
<!-- Generated by org.testng.reporters.JUnitReportReporter -->
<testsuite skipped="0" hostname="DESKTOP-2TQFBEG" name="com.pss.lims.sm.InternalRejectionFlow.COAApproveWithReTest" tests="1" failures="0" timestamp="2022-03-24T10:09:45 IST" time="48.850" errors="0">
  <testcase name="cOAApproveWithReTest" time="48.850" classname="com.pss.lims.sm.InternalRejectionFlow.COAApproveWithReTest"/>
</testsuite> <!-- com.pss.lims.sm.InternalRejectionFlow.COAApproveWithReTest -->
