<?xml version="1.0" encoding="UTF-8"?>
<!-- Generated by org.testng.reporters.JUnitReportReporter -->
<testsuite skipped="0" hostname="DESKTOP-2TQFBEG" name="com.pss.lims.sm.AdminTab.CreateUserGroup" tests="1" failures="0" timestamp="2022-03-22T15:27:44 IST" time="73.003" errors="0">
  <testcase name="createUserGroup" time="73.003" classname="com.pss.lims.sm.AdminTab.CreateUserGroup"/>
</testsuite> <!-- com.pss.lims.sm.AdminTab.CreateUserGroup -->
