<?xml version="1.0" encoding="UTF-8"?>
<!-- Generated by org.testng.reporters.JUnitReportReporter -->
<testsuite skipped="0" hostname="DESKTOP-2TQFBEG" name="com.pss.lims.sm.InternalForwardFlow.SampleQuantityApprove" tests="1" failures="0" timestamp="2022-03-24T17:57:37 IST" time="43.381" errors="0">
  <testcase name="approveSampleQuantity" time="43.381" classname="com.pss.lims.sm.InternalForwardFlow.SampleQuantityApprove"/>
</testsuite> <!-- com.pss.lims.sm.InternalForwardFlow.SampleQuantityApprove -->
