<?xml version="1.0" encoding="UTF-8"?>
<!-- Generated by org.testng.reporters.JUnitReportReporter -->
<testsuite skipped="0" hostname="DESKTOP-2TQFBEG" name="com.pss.lims.sm.ProductToTestPlanRej.TestPlannerReject" tests="1" failures="0" timestamp="2022-02-28T14:46:25 IST" time="43.335" errors="0">
  <testcase name="approveTestPlanner" time="43.335" classname="com.pss.lims.sm.ProductToTestPlanRej.TestPlannerReject"/>
</testsuite> <!-- com.pss.lims.sm.ProductToTestPlanRej.TestPlannerReject -->
