<?xml version="1.0" encoding="UTF-8"?>
<!-- Generated by org.testng.reporters.JUnitReportReporter -->
<testsuite skipped="0" hostname="DESKTOP-2TQFBEG" name="com.pss.lims.StabilityManagement.RejectionFlow.RejectedProtocol" tests="1" failures="0" timestamp="2022-08-31T20:51:09 IST" time="207.926" errors="0">
  <testcase name="reinitiateprotocolRejected" time="207.926" classname="com.pss.lims.StabilityManagement.RejectionFlow.RejectedProtocol"/>
</testsuite> <!-- com.pss.lims.StabilityManagement.RejectionFlow.RejectedProtocol -->
