<?xml version="1.0" encoding="UTF-8"?>
<!-- Generated by org.testng.reporters.JUnitReportReporter -->
<testsuite skipped="0" hostname="DESKTOP-2TQFBEG" name="com.pss.lims.StabilityManagement.ForwardFlow.ApproveSampleAcknowledgement" tests="1" failures="0" timestamp="2022-09-01T16:17:53 IST" time="39.253" errors="0">
  <testcase name="sampleAcknowledgementApprove" time="39.253" classname="com.pss.lims.StabilityManagement.ForwardFlow.ApproveSampleAcknowledgement"/>
</testsuite> <!-- com.pss.lims.StabilityManagement.ForwardFlow.ApproveSampleAcknowledgement -->
