<?xml version="1.0" encoding="UTF-8"?>
<!-- Generated by org.testng.reporters.JUnitReportReporter -->
<testsuite skipped="0" hostname="DESKTOP-2TQFBEG" name="com.pss.lims.StabilityManagement.ForwardFlow.CreateProtocolMltBatchMltConditionMltInterval" tests="1" failures="0" timestamp="2022-09-01T12:51:49 IST" time="620.468" errors="0">
  <testcase name="createProtocolMltBatchMltConditionMltInterval" time="620.468" classname="com.pss.lims.StabilityManagement.ForwardFlow.CreateProtocolMltBatchMltConditionMltInterval"/>
</testsuite> <!-- com.pss.lims.StabilityManagement.ForwardFlow.CreateProtocolMltBatchMltConditionMltInterval -->
