<?xml version="1.0" encoding="UTF-8"?>
<!-- Generated by org.testng.reporters.JUnitReportReporter -->
<testsuite skipped="0" hostname="DESKTOP-2TQFBEG" name="com.pss.lims.sm.InternalRejectionFlow.FailJobHODReview" tests="2" failures="0" timestamp="2022-03-25T15:20:19 IST" time="97.270" errors="0">
  <testcase name="failJobHODReview" time="49.622" classname="com.pss.lims.sm.InternalRejectionFlow.FailJobHODReview"/>
  <testcase name="failJobHODReview" time="47.648" classname="com.pss.lims.sm.InternalRejectionFlow.FailJobHODReview"/>
</testsuite> <!-- com.pss.lims.sm.InternalRejectionFlow.FailJobHODReview -->
