<?xml version="1.0" encoding="UTF-8"?>
<!-- Generated by org.testng.reporters.JUnitReportReporter -->
<testsuite skipped="0" hostname="DESKTOP-2TQFBEG" name="com.pss.lims.StabilityManagement.ForwardFlow.LoadingMulti" tests="1" failures="0" timestamp="2022-09-01T15:18:12 IST" time="414.433" errors="0">
  <testcase name="createLoadingMulti" time="414.433" classname="com.pss.lims.StabilityManagement.ForwardFlow.LoadingMulti"/>
</testsuite> <!-- com.pss.lims.StabilityManagement.ForwardFlow.LoadingMulti -->
