<?xml version="1.0" encoding="UTF-8"?>
<!-- Generated by org.testng.reporters.JUnitReportReporter -->
<testsuite skipped="0" hostname="DESKTOP-2TQFBEG" name="com.pss.lims.sm.ExternalForwardFlow.SampleQuantity" tests="1" failures="0" timestamp="2022-02-26T14:56:17 IST" time="51.558" errors="0">
  <testcase name="createSampleQuantity" time="51.558" classname="com.pss.lims.sm.ExternalForwardFlow.SampleQuantity"/>
</testsuite> <!-- com.pss.lims.sm.ExternalForwardFlow.SampleQuantity -->
