<?xml version="1.0" encoding="UTF-8"?>
<!-- Generated by org.testng.reporters.JUnitReportReporter -->
<testsuite skipped="0" hostname="DESKTOP-2TQFBEG" name="com.pss.lims.sm.ExternalRejectionFlow.ReinitiateRejectedSampleQuantity" tests="1" failures="0" timestamp="2022-02-26T19:05:27 IST" time="49.059" errors="0">
  <testcase name="modifyRejectedSampleQuantity" time="49.059" classname="com.pss.lims.sm.ExternalRejectionFlow.ReinitiateRejectedSampleQuantity"/>
</testsuite> <!-- com.pss.lims.sm.ExternalRejectionFlow.ReinitiateRejectedSampleQuantity -->
