<?xml version="1.0" encoding="UTF-8"?>
<!-- Generated by org.testng.reporters.JUnitReportReporter -->
<testsuite skipped="0" hostname="DESKTOP-2TQFBEG" name="com.pss.lims.sm.InternalRejectionFlow.FailJobSIReviewWithReCheck" tests="1" failures="0" timestamp="2022-03-23T20:28:35 IST" time="48.235" errors="0">
  <testcase name="failJobSIReviewWithReCheck" time="48.235" classname="com.pss.lims.sm.InternalRejectionFlow.FailJobSIReviewWithReCheck"/>
</testsuite> <!-- com.pss.lims.sm.InternalRejectionFlow.FailJobSIReviewWithReCheck -->
