<?xml version="1.0" encoding="UTF-8"?>
<!-- Generated by org.testng.reporters.JUnitReportReporter -->
<testsuite skipped="0" hostname="DESKTOP-2TQFBEG" name="com.pss.lims.StabilityManagement.ForwardFlow.ScheduleTestApprove" tests="1" failures="0" timestamp="2022-09-01T14:13:16 IST" time="38.147" errors="0">
  <testcase name="scheduleTestApprove" time="38.147" classname="com.pss.lims.StabilityManagement.ForwardFlow.ScheduleTestApprove"/>
</testsuite> <!-- com.pss.lims.StabilityManagement.ForwardFlow.ScheduleTestApprove -->
