<?xml version="1.0" encoding="UTF-8"?>
<!-- Generated by org.testng.reporters.JUnitReportReporter -->
<testsuite skipped="0" hostname="DESKTOP-2TQFBEG" name="com.pss.lims.StabilityManagement.ForwardFlow.CreateProtocol" tests="1" failures="0" timestamp="2022-08-31T16:55:19 IST" time="274.381" errors="0">
  <testcase name="createProtocol" time="274.381" classname="com.pss.lims.StabilityManagement.ForwardFlow.CreateProtocol"/>
</testsuite> <!-- com.pss.lims.StabilityManagement.ForwardFlow.CreateProtocol -->
