<?xml version="1.0" encoding="UTF-8"?>
<!-- Generated by org.testng.reporters.JUnitReportReporter -->
<testsuite skipped="0" hostname="DESKTOP-2TQFBEG" name="com.pss.lims.sm.InternalRejectionFlow.FailJobQAReview" tests="1" failures="0" timestamp="2022-03-25T15:20:19 IST" time="51.270" errors="0">
  <testcase name="failJobQAReview" time="51.270" classname="com.pss.lims.sm.InternalRejectionFlow.FailJobQAReview"/>
</testsuite> <!-- com.pss.lims.sm.InternalRejectionFlow.FailJobQAReview -->
