<?xml version="1.0" encoding="UTF-8"?>
<!-- Generated by org.testng.reporters.JUnitReportReporter -->
<testsuite skipped="0" hostname="DESKTOP-2TQFBEG" name="com.pss.lims.sm.InternalRejectionFlow.COAApprove" tests="1" failures="0" timestamp="2022-03-25T15:20:19 IST" time="67.861" errors="0">
  <testcase name="approveCOA" time="67.861" classname="com.pss.lims.sm.InternalRejectionFlow.COAApprove"/>
</testsuite> <!-- com.pss.lims.sm.InternalRejectionFlow.COAApprove -->
