<?xml version="1.0" encoding="UTF-8"?>
<!-- Generated by org.testng.reporters.JUnitReportReporter -->
<testsuite skipped="0" hostname="DESKTOP-2TQFBEG" name="com.pss.lims.sm.ExternalRejectionFlow.SIApproval" tests="1" failures="0" timestamp="2022-02-26T19:05:27 IST" time="50.467" errors="0">
  <testcase name="approveSI" time="50.467" classname="com.pss.lims.sm.ExternalRejectionFlow.SIApproval"/>
</testsuite> <!-- com.pss.lims.sm.ExternalRejectionFlow.SIApproval -->
