<?xml version="1.0" encoding="UTF-8"?>
<!-- Generated by org.testng.reporters.JUnitReportReporter -->
<testsuite skipped="0" hostname="DESKTOP-2TQFBEG" name="com.pss.lims.sm.RegistrationForwardFlow.HandlingSymbolApproval" tests="1" failures="0" timestamp="2022-03-24T15:12:37 IST" time="41.708" errors="0">
  <testcase name="approveHandlingSymbol" time="41.708" classname="com.pss.lims.sm.RegistrationForwardFlow.HandlingSymbolApproval"/>
</testsuite> <!-- com.pss.lims.sm.RegistrationForwardFlow.HandlingSymbolApproval -->
