<?xml version="1.0" encoding="UTF-8"?>
<!-- Generated by org.testng.reporters.JUnitReportReporter -->
<testsuite skipped="0" hostname="DESKTOP-2TQFBEG" name="com.pss.lims.sm.RegistrationForwardFlow.ManufacturerApprove" tests="1" failures="0" timestamp="2022-03-24T17:13:50 IST" time="43.912" errors="0">
  <testcase name="approveManufactruer" time="43.912" classname="com.pss.lims.sm.RegistrationForwardFlow.ManufacturerApprove"/>
</testsuite> <!-- com.pss.lims.sm.RegistrationForwardFlow.ManufacturerApprove -->
