<?xml version="1.0" encoding="UTF-8"?>
<!-- Generated by org.testng.reporters.JUnitReportReporter -->
<testsuite skipped="0" hostname="DESKTOP-2TQFBEG" name="com.pss.lims.sm.InternalForwardFlow.MicroQualitativeTestReg" tests="1" failures="0" timestamp="2022-03-23T14:08:09 IST" time="127.704" errors="0">
  <testcase name="createMicroQualitativeTestReg" time="127.704" classname="com.pss.lims.sm.InternalForwardFlow.MicroQualitativeTestReg"/>
</testsuite> <!-- com.pss.lims.sm.InternalForwardFlow.MicroQualitativeTestReg -->
