<?xml version="1.0" encoding="UTF-8"?>
<!-- Generated by org.testng.reporters.JUnitReportReporter -->
<testsuite skipped="0" hostname="DESKTOP-2TQFBEG" name="com.pss.lims.sm.InternalForwardFlow.QualitativeTestReg" tests="1" failures="0" timestamp="2022-03-22T18:45:42 IST" time="124.365" errors="0">
  <testcase name="createQualitativeTest" time="124.365" classname="com.pss.lims.sm.InternalForwardFlow.QualitativeTestReg"/>
</testsuite> <!-- com.pss.lims.sm.InternalForwardFlow.QualitativeTestReg -->
