<?xml version="1.0" encoding="UTF-8"?>
<!-- Generated by org.testng.reporters.JUnitReportReporter -->
<testsuite skipped="0" hostname="DESKTOP-2TQFBEG" name="com.pss.lims.sm.ProductToTestPlanRej.TestApproval" tests="1" failures="0" timestamp="2022-02-28T14:46:25 IST" time="47.334" errors="0">
  <testcase name="approveTest" time="47.334" classname="com.pss.lims.sm.ProductToTestPlanRej.TestApproval"/>
</testsuite> <!-- com.pss.lims.sm.ProductToTestPlanRej.TestApproval -->
