<?xml version="1.0" encoding="UTF-8"?>
<!-- Generated by org.testng.reporters.JUnitReportReporter -->
<testsuite skipped="0" hostname="DESKTOP-2TQFBEG" name="com.pss.lims.sm.RegistrationForwardFlow.GroupTypeApproval" tests="1" failures="0" timestamp="2022-03-24T15:34:03 IST" time="44.497" errors="0">
  <testcase name="approveGroupType" time="44.497" classname="com.pss.lims.sm.RegistrationForwardFlow.GroupTypeApproval"/>
</testsuite> <!-- com.pss.lims.sm.RegistrationForwardFlow.GroupTypeApproval -->
