<?xml version="1.0" encoding="UTF-8"?>
<!-- Generated by org.testng.reporters.JUnitReportReporter -->
<testsuite skipped="0" hostname="DESKTOP-2TQFBEG" name="com.pss.lims.sm.InternalForwardFlow.SampleRegistrationForMicroTest" tests="1" failures="0" timestamp="2022-03-23T15:17:46 IST" time="128.183" errors="0">
  <testcase name="createSampleRegistrationForMicroTest" time="128.183" classname="com.pss.lims.sm.InternalForwardFlow.SampleRegistrationForMicroTest"/>
</testsuite> <!-- com.pss.lims.sm.InternalForwardFlow.SampleRegistrationForMicroTest -->
